This file contains any messages produced by compilers while
running configure, to aid debugging if configure makes a mistake.

It was created by configure, which was
generated by GNU Autoconf 2.67.  Invocation command line was

  $ ./configure --with-compiler=ghc --prefix=/home/a2/Projects/tradeStation/Haskell/.cabal-sandbox --bindir=/home/a2/Projects/tradeStation/Haskell/.cabal-sandbox/bin --libdir=/home/a2/Projects/tradeStation/Haskell/.cabal-sandbox/lib --libexecdir=/home/a2/Projects/tradeStation/Haskell/.cabal-sandbox/libexec --datadir=/home/a2/Projects/tradeStation/Haskell/.cabal-sandbox/share --sysconfdir=/home/a2/Projects/tradeStation/Haskell/.cabal-sandbox/etc --with-gcc=/nix/store/aslzqiz055b7mcppiyiq548nihzvidy2-gcc-wrapper-4.8.4/bin/gcc

## --------- ##
## Platform. ##
## --------- ##

hostname = import
uname -m = x86_64
uname -r = 3.14.32
uname -s = Linux
uname -v = #1-NixOS SMP Thu Jan 1 00:00:01 UTC 1970

/usr/bin/uname -p = unknown
/bin/uname -X     = unknown

/bin/arch              = unknown
/usr/bin/arch -k       = unknown
/usr/convex/getsysinfo = unknown
/usr/bin/hostinfo      = unknown
/bin/machine           = unknown
/usr/bin/oslevel       = unknown
/bin/universe          = unknown

PATH: /home/a2/Projects/tradeStation/Haskell/.cabal-sandbox/bin
PATH: /nix/store/fsxbvl2vrd1ms8v9jkx9pnyzfi55qxxm-binutils-2.23.1/bin
PATH: /nix/store/nmw1hi49cg5msnq1fkpjv8ypb7dmjz5r-coreutils-8.23/bin
PATH: /nix/store/8x7wqyhd9i255gs6iwjc4d3zk48rf9p2-pkg-config-0.28/bin
PATH: /nix/store/04742sjsszlpijv9r741yrssdhq2l6f8-ghc-7.10.1/bin
PATH: /nix/store/vwac1fg3i1r0yrrzwnl396y5p04hvm9s-z3_opt-4.3.2/bin
PATH: /nix/store/gzc6lpi4v9iwj3z5jznrwnmj77ws8p9j-glib-2.44.0/bin
PATH: /nix/store/zx0hnalq0sqg98wc1w2g4wjc553sy2ba-pcre-8.37/bin
PATH: /nix/store/c2zjp7bqmp5wvpkrpl7p7sfhxbdyfryy-glibc-2.21/bin
PATH: /nix/store/5q4802h7i6dqq4158qi67qh97ma8wwjv-cairo-1.14.2/bin
PATH: /nix/store/ibfw7m9nxk8cr6dlid0j4wq5a4cq3yrw-freetype-2.5.4/bin
PATH: /nix/store/ppj6v8zs2k4jx71pi7qgg2ljgdh7sglz-bzip2-1.0.6/bin
PATH: /nix/store/k5n1b6zhgqz5hj2xzv13fvby8ndkj7pd-libpng-1.6.16/bin
PATH: /nix/store/mmp0bldrr2hkqs8faljhpfbcifpbc0zy-fontconfig-2.11.1/bin
PATH: /nix/store/6dn9absqamkp266x9wqp259nb1zxchjd-expat-2.1.0/bin
PATH: /nix/store/f7xr605q5jl8qp986nvd7sdw3jdqnzn8-librsvg-2.40.9/bin
PATH: /nix/store/qna860hc9r3vbj3vxq2fv1lazzsiwwy8-gdk-pixbuf-2.31.3/bin
PATH: /nix/store/3ycrhav2rk0brn263278nmibgjhppymf-libtiff-4.0.3/bin
PATH: /nix/store/bran7khggz40y6lxs487xb6mlpwh5gax-libjpeg-turbo-1.4.0/bin
PATH: /nix/store/qcwvxm65axcf5ff2q2vwjpqsg8qqd260-xz-5.2.1/bin
PATH: /nix/store/kn185468i25n4k71gzcw9br3jk4lyvk2-jasper-1.900.1/bin
PATH: /nix/store/0x028gsn5f2cwa5wmhbhvn6029w2a6s3-gtk+3-3.12.2/bin
PATH: /nix/store/8lvbk3qjq1qpqbnfpjln9yffsi4s4gw5-pango-1.36.8/bin
PATH: /nix/store/9zkkrxrk3nbslnqj2560zkbn7ivpsbcm-harfbuzz-0.9.40/bin
PATH: /nix/store/l1g43pk937dxgw7gqy0ll2qqp7h6ip7c-graphite2-1.2.4/bin
PATH: /nix/store/cf2r2z00lj3vx85h3c47izj2q2h6lfvx-gobject-introspection-1.42.0/bin
PATH: /nix/store/cnlc9pv9dsbrzc2ffjwr092blb696pmh-wayland-1.7.0/bin
PATH: /nix/store/p1yy0dhk408f0jd5vsjr8x8sgjqjbbmd-cups-2.0.2/bin
PATH: /nix/store/li4sd27rshs882hzfh1kwp3mwy2xs5r5-openssl-1.0.1m/bin
PATH: /nix/store/wzmkmkwwmjcprm0lnx56qv5r4dgr94k5-gtk+-2.24.27/bin
PATH: /nix/store/4cd4n5729kk10jm32c14bwsk4xmsl7m3-patchelf-0.8/bin
PATH: /nix/store/k3cyms7nlfcbk2x3105a2xfvwh0d20vi-paxctl-0.9/bin
PATH: /nix/store/w1lj2s6v2wjmgd44fdi9i1p53qbxrqdc-gcc-wrapper-4.8.3/bin
PATH: /nix/store/wc472nw0kyw0iwgl6352ii5czxd97js2-coreutils-8.23/bin
PATH: /nix/store/y26kh8qksgmy700fl5a882n6lwg3ma0a-findutils-4.4.2/bin
PATH: /nix/store/1aivnzghy0navribl0ivps2mf59mx4ls-diffutils-3.3/bin
PATH: /nix/store/nmdv0xnimpyajw8faydi8kh6dw1s3gjm-gnused-4.2.2/bin
PATH: /nix/store/g9qkr44yllgy5cb03vmfdksmh3pbmp1s-gnugrep-2.20/bin
PATH: /nix/store/z7krwqz92wxpakvf5kahq9l42rhzrlqs-gawk-4.1.0/bin
PATH: /nix/store/rygv74phd82c106qynz7l0rmg4rvrlzd-gnutar-1.27.1/bin
PATH: /nix/store/sr65fbmyvsrzd4vbgvx1pkqm6a04hzas-gzip-1.6/bin
PATH: /nix/store/dqmh55k38i24h9xnb4qb5pqggfl4dvxm-bzip2-1.0.6/bin
PATH: /nix/store/n93nwrnhj711053pxvhaj7vgi6ivxjr3-gnumake-3.82/bin
PATH: /nix/store/r5sxfcwq9324xvcd1z312kb9kkddqvld-bash-4.3-p30/bin
PATH: /nix/store/2h9qymlhani5nvvygcdpn8iqm9dijsig-patch-2.7.1/bin
PATH: /nix/store/7rlvlgy875zs98y3rz06mmnaaa66vbr7-xz-5.0.7/bin
PATH: /nix/store/lg4pnma41vc1vvlb4qsriphk7sq4762r-gcc-4.8.3/bin
PATH: /nix/store/b8qhjrwf8sf9ggkjxqqav7f1m6w83bh0-binutils-2.23.1/bin
PATH: /nix/store/la5imi1602jxhpds9675n2n2d0683lbq-glibc-2.20/bin
PATH: /nix/store/wc472nw0kyw0iwgl6352ii5czxd97js2-coreutils-8.23/bin
PATH: /home/aistis/.cabal/bin
PATH: /home/a2/ghc-7.8.4/bin
PATH: /home/a2/ghc-7.10.1/bin
PATH: /home/a2/bin
PATH: /var/setuid-wrappers
PATH: /home/a2/.nix-profile/bin
PATH: /home/a2/.nix-profile/sbin
PATH: /home/a2/.nix-profile/lib/kde4/libexec
PATH: /nix/var/nix/profiles/default/bin
PATH: /nix/var/nix/profiles/default/sbin
PATH: /nix/var/nix/profiles/default/lib/kde4/libexec
PATH: /run/current-system/sw/bin
PATH: /run/current-system/sw/sbin
PATH: /run/current-system/sw/lib/kde4/libexec
PATH: /home/a2/Downloads/jdk1.8.0_40/bin
PATH: /home/a2/Nuclear
PATH: /home/a2/.cabal/bin


## ----------- ##
## Core tests. ##
## ----------- ##

configure:1884: checking build system type
configure:1898: result: x86_64-unknown-linux-gnu
configure:1997: checking for ghc
configure:2013: found /nix/store/04742sjsszlpijv9r741yrssdhq2l6f8-ghc-7.10.1/bin/ghc
configure:2024: result: ghc
configure:2048: checking for value of __GLASGOW_HASKELL__
configure:2053: result: 710
configure:2060: checking for ghc library directory
configure:2063: result: /nix/store/04742sjsszlpijv9r741yrssdhq2l6f8-ghc-7.10.1/lib/ghc-7.10.1
configure:2160: checking for gcc
configure:2176: found /nix/store/w1lj2s6v2wjmgd44fdi9i1p53qbxrqdc-gcc-wrapper-4.8.3/bin/gcc
configure:2187: result: gcc
configure:2416: checking for C compiler version
configure:2425: gcc --version >&5
gcc (GCC) 4.8.3
Copyright (C) 2013 Free Software Foundation, Inc.
This is free software; see the source for copying conditions.  There is NO
warranty; not even for MERCHANTABILITY or FITNESS FOR A PARTICULAR PURPOSE.

configure:2436: $? = 0
configure:2425: gcc -v >&5
Using built-in specs.
COLLECT_GCC=/nix/store/lg4pnma41vc1vvlb4qsriphk7sq4762r-gcc-4.8.3/bin/gcc
COLLECT_LTO_WRAPPER=/nix/store/lg4pnma41vc1vvlb4qsriphk7sq4762r-gcc-4.8.3/libexec/gcc/x86_64-unknown-linux-gnu/4.8.3/lto-wrapper
Target: x86_64-unknown-linux-gnu
Configured with: 
Thread model: posix
gcc version 4.8.3 (GCC) 
configure:2436: $? = 0
configure:2425: gcc -V >&5
gcc: error: unrecognized command line option '-V'
gcc: fatal error: no input files
compilation terminated.
configure:2436: $? = 1
configure:2425: gcc -qversion >&5
gcc: error: unrecognized command line option '-qversion'
gcc: fatal error: no input files
compilation terminated.
configure:2436: $? = 1
configure:2456: checking whether the C compiler works
configure:2478: gcc    conftest.c  >&5
configure:2482: $? = 0
configure:2530: result: yes
configure:2533: checking for C compiler default output file name
configure:2535: result: a.out
configure:2541: checking for suffix of executables
configure:2548: gcc -o conftest    conftest.c  >&5
configure:2552: $? = 0
configure:2574: result: 
configure:2596: checking whether we are cross compiling
configure:2604: gcc -o conftest    conftest.c  >&5
configure:2608: $? = 0
configure:2615: ./conftest
configure:2619: $? = 0
configure:2634: result: no
configure:2639: checking for suffix of object files
configure:2661: gcc -c   conftest.c >&5
configure:2665: $? = 0
configure:2686: result: o
configure:2690: checking whether we are using the GNU C compiler
configure:2709: gcc -c   conftest.c >&5
configure:2709: $? = 0
configure:2718: result: yes
configure:2727: checking whether gcc accepts -g
configure:2747: gcc -c -g  conftest.c >&5
configure:2747: $? = 0
configure:2788: result: yes
configure:2805: checking for gcc option to accept ISO C89
configure:2869: gcc  -c   conftest.c >&5
configure:2869: $? = 0
configure:2882: result: none needed
configure:2905: checking for arc4random
configure:2905: gcc -o conftest    conftest.c  >&5
/run/user/1001/cccPhDkW.o: In function `main':
conftest.c:(.text+0xa): undefined reference to `arc4random'
collect2: error: ld returned 1 exit status
configure:2905: $? = 1
configure: failed program was:
| /* confdefs.h */
| #define PACKAGE_NAME ""
| #define PACKAGE_TARNAME ""
| #define PACKAGE_VERSION ""
| #define PACKAGE_STRING ""
| #define PACKAGE_BUGREPORT ""
| #define PACKAGE_URL ""
| #define LEADING_UNDERSCORE 0
| #define TOP "/home/a2/Projects/tradeStation/Haskell/plugins-1.5.4.0"
| #define WITH_GHC "ghc"
| #define GHC_LIB_PATH "/nix/store/04742sjsszlpijv9r741yrssdhq2l6f8-ghc-7.10.1/lib/ghc-7.10.1"
| /* end confdefs.h.  */
| /* Define arc4random to an innocuous variant, in case <limits.h> declares arc4random.
|    For example, HP-UX 11i <limits.h> declares gettimeofday.  */
| #define arc4random innocuous_arc4random
| 
| /* System header to define __stub macros and hopefully few prototypes,
|     which can conflict with char arc4random (); below.
|     Prefer <limits.h> to <assert.h> if __STDC__ is defined, since
|     <limits.h> exists even on freestanding compilers.  */
| 
| #ifdef __STDC__
| # include <limits.h>
| #else
| # include <assert.h>
| #endif
| 
| #undef arc4random
| 
| /* Override any GCC internal prototype to avoid an error.
|    Use char because int might match the return type of a GCC
|    builtin and then its argument prototype would still apply.  */
| #ifdef __cplusplus
| extern "C"
| #endif
| char arc4random ();
| /* The GNU C library defines this for functions which it implements
|     to always fail with ENOSYS.  Some functions are actually named
|     something starting with __ and the normal name is an alias.  */
| #if defined __stub_arc4random || defined __stub___arc4random
| choke me
| #endif
| 
| int
| main ()
| {
| return arc4random ();
|   ;
|   return 0;
| }
configure:2905: result: no
configure:2929: checking for a BSD-compatible install
configure:2997: result: /nix/store/nmw1hi49cg5msnq1fkpjv8ypb7dmjz5r-coreutils-8.23/bin/install -c
configure:3115: creating ./config.status

## ---------------------- ##
## Running config.status. ##
## ---------------------- ##

This file was extended by config.status, which was
generated by GNU Autoconf 2.67.  Invocation command line was

  CONFIG_FILES    = 
  CONFIG_HEADERS  = 
  CONFIG_LINKS    = 
  CONFIG_COMMANDS = 
  $ ./config.status 

on import

config.status:812: creating config.mk
config.status:812: creating testsuite/makewith/io/TestIO.conf
config.status:812: creating testsuite/makewith/unsafeio/Unsafe.conf
config.status:812: creating config.h
config.status:986: config.h is unchanged
configure:4285: WARNING: unrecognized options: --with-compiler, --with-gcc

## ---------------- ##
## Cache variables. ##
## ---------------- ##

ac_cv_build=x86_64-unknown-linux-gnu
ac_cv_c_compiler_gnu=yes
ac_cv_env_CC_set=
ac_cv_env_CC_value=
ac_cv_env_CFLAGS_set=set
ac_cv_env_CFLAGS_value=
ac_cv_env_CPPFLAGS_set=
ac_cv_env_CPPFLAGS_value=
ac_cv_env_LDFLAGS_set=
ac_cv_env_LDFLAGS_value=
ac_cv_env_LIBS_set=
ac_cv_env_LIBS_value=
ac_cv_env_build_alias_set=
ac_cv_env_build_alias_value=
ac_cv_env_host_alias_set=
ac_cv_env_host_alias_value=
ac_cv_env_target_alias_set=
ac_cv_env_target_alias_value=
ac_cv_func_arc4random=no
ac_cv_objext=o
ac_cv_path_install='/nix/store/nmw1hi49cg5msnq1fkpjv8ypb7dmjz5r-coreutils-8.23/bin/install -c'
ac_cv_prog_GHC=ghc
ac_cv_prog_ac_ct_CC=gcc
ac_cv_prog_cc_c89=
ac_cv_prog_cc_g=yes

## ----------------- ##
## Output variables. ##
## ----------------- ##

CC='gcc'
CFLAGS=''
CPPFLAGS=''
DEFS='-DHAVE_CONFIG_H'
ECHO_C=''
ECHO_N='-n'
ECHO_T=''
EXEEXT=''
GHC='ghc'
GLASGOW_HASKELL='710'
HASKELL_SRC='haskell-src'
INSTALL_DATA='${INSTALL} -m 644'
INSTALL_PROGRAM='${INSTALL}'
INSTALL_SCRIPT='${INSTALL}'
LDFLAGS=''
LIBOBJS=''
LIBS=''
LTLIBOBJS=''
OBJEXT='o'
PACKAGE_BUGREPORT=''
PACKAGE_NAME=''
PACKAGE_STRING=''
PACKAGE_TARNAME=''
PACKAGE_URL=''
PACKAGE_VERSION=''
PATH_SEPARATOR=':'
PREFIX='/home/a2/Projects/tradeStation/Haskell/.cabal-sandbox'
SHELL='/nix/store/r5sxfcwq9324xvcd1z312kb9kkddqvld-bash-4.3-p30/bin/bash'
TOP='/home/a2/Projects/tradeStation/Haskell/plugins-1.5.4.0'
ac_ct_CC='gcc'
bindir='/home/a2/Projects/tradeStation/Haskell/.cabal-sandbox/bin'
build='x86_64-unknown-linux-gnu'
build_alias=''
build_cpu='x86_64'
build_os='linux-gnu'
build_vendor='unknown'
datadir='/home/a2/Projects/tradeStation/Haskell/.cabal-sandbox/share'
datarootdir='${prefix}/share'
docdir='${datarootdir}/doc/${PACKAGE}'
dvidir='${docdir}'
exec_prefix='${prefix}'
host_alias=''
htmldir='${docdir}'
includedir='${prefix}/include'
infodir='${datarootdir}/info'
libdir='/home/a2/Projects/tradeStation/Haskell/.cabal-sandbox/lib'
libexecdir='/home/a2/Projects/tradeStation/Haskell/.cabal-sandbox/libexec'
localedir='${datarootdir}/locale'
localstatedir='${prefix}/var'
mandir='${datarootdir}/man'
oldincludedir='/usr/include'
pdfdir='${docdir}'
prefix='/home/a2/Projects/tradeStation/Haskell/.cabal-sandbox'
program_transform_name='s,x,x,'
psdir='${docdir}'
sbindir='${exec_prefix}/sbin'
sharedstatedir='${prefix}/com'
sysconfdir='/home/a2/Projects/tradeStation/Haskell/.cabal-sandbox/etc'
target_alias=''

## ----------- ##
## confdefs.h. ##
## ----------- ##

/* confdefs.h */
#define PACKAGE_NAME ""
#define PACKAGE_TARNAME ""
#define PACKAGE_VERSION ""
#define PACKAGE_STRING ""
#define PACKAGE_BUGREPORT ""
#define PACKAGE_URL ""
#define LEADING_UNDERSCORE 0
#define TOP "/home/a2/Projects/tradeStation/Haskell/plugins-1.5.4.0"
#define WITH_GHC "ghc"
#define GHC_LIB_PATH "/nix/store/04742sjsszlpijv9r741yrssdhq2l6f8-ghc-7.10.1/lib/ghc-7.10.1"

configure: exit 0
